<?xml version="1.0" encoding="UTF-8"?>
<beans xmlns="http://www.springframework.org/schema/beans"
	xmlns:xsi="http://www.w3.org/2001/XMLSchema-instance"
	xmlns:context="http://www.springframework.org/schema/context"
	xmlns:tx="http://www.springframework.org/schema/tx"
	xsi:schemaLocation="http://www.springframework.org/schema/beans
						http://www.springframework.org/schema/beans/spring-beans-3.1.xsd
						http://www.springframework.org/schema/context
						http://www.springframework.org/schema/context/spring-context-3.1.xsd
						http://www.springframework.org/schema/tx
						http://www.springframework.org/schema/tx/spring-tx-3.1.xsd">
	
	<!-- inject property file into String context -->
	<context:property-placeholder location="classpath:test_db.properties" />

	<!-- We create common simple pool of connection to DB -->
	<bean id="dataSource" class="org.apache.commons.dbcp.BasicDataSource"
		destroy-method="close">
		<property name="driverClassName" value="${jdbc.mysql.driver.class}" />
		<property name="url" value="${jdbc.mysql.url}" />
		<property name="username" value="${jdbc.mysql.username}" />
		<property name="password" value="${jdbc.mysql.password}" />
		<property name="initialSize" value="5" />
	</bean>
	
	<!-- Add transaction manager here -->
	<bean id="transactionManager" class="org.springframework.orm.jpa.JpaTransactionManager">
		<property name="entityManagerFactory" ref="entityManagerFactory"/>
	</bean>
	
	<tx:annotation-driven transaction-manager="transactionManager" />
	
	<!-- Add entity manager factory -->
	<bean id="entityManagerFactory"
	 	  class="org.springframework.orm.jpa.LocalContainerEntityManagerFactoryBean">
		<property name="dataSource" ref="dataSource" />
		<property name="jpaVendorAdapter">
			<bean class="org.springframework.orm.jpa.vendor.HibernateJpaVendorAdapter"/>
		</property>
		<property name="packagesToScan" value="com.iluwatar.tasklist.services.entity"/>

		<property name="jpaProperties">
			<props>
				<prop key="hibernate.dialect">org.hibernate.dialect.MySQLDialect</prop>
				<prop key="hibernate.max_fetch_depth">3</prop>
				<prop key="hibernate.jdbc.fetch_size">50</prop>
				<prop key="hibernate.jdbc.betch_size">10</prop>
				<prop key="hibernate.show_sql">true</prop>
			</props>
		</property>

	</bean>
	
	<context:component-scan base-package="com.iluwatar.tasklist.services" />

</beans>
